#
# There is insufficient memory for the Java Runtime Environment to continue.
# Native memory allocation (mmap) failed to map 65536 bytes for Failed to commit metaspace.
# Possible reasons:
#   The system is out of physical RAM or swap space
#   The process is running with CompressedOops enabled, and the Java Heap may be blocking the growth of the native heap
# Possible solutions:
#   Reduce memory load on the system
#   Increase physical memory or swap space
#   Check if swap backing store is full
#   Decrease Java heap size (-Xmx/-Xms)
#   Decrease number of Java threads
#   Decrease Java thread stack sizes (-Xss)
#   Set larger code cache with -XX:ReservedCodeCacheSize=
#   JVM is running with Unscaled Compressed Oops mode in which the Java heap is
#     placed in the first 4GB address space. The Java Heap base address is the
#     maximum limit for the native heap growth. Please use -XX:HeapBaseMinAddress
#     to set the Java Heap base and to place the Java Heap above 4GB virtual address.
# This output file may be truncated or incomplete.
#
#  Out of Memory Error (virtualSpaceNode.cpp:110), pid=18764, tid=17680
#
# JRE version: OpenJDK Runtime Environment Temurin-17.0.2+8 (17.0.2+8) (build 17.0.2+8)
# Java VM: OpenJDK 64-Bit Server VM Temurin-17.0.2+8 (17.0.2+8, mixed mode, emulated-client, tiered, compressed oops, compressed class ptrs, g1 gc, windows-amd64)
# No core dump will be written. Minidumps are not enabled by default on client versions of Windows
#

---------------  S U M M A R Y ------------

Command Line: -Dcom.sun.management.jmxremote -Dcom.sun.management.jmxremote.port=53363 -Dcom.sun.management.jmxremote.authenticate=false -Dcom.sun.management.jmxremote.ssl=false -Djava.rmi.server.hostname=localhost -Dspring.jmx.enabled=true -Dspring.application.admin.enabled=true -XX:TieredStopAtLevel=1 -Dspring.boot.project.name=Es_dnevniks -Dfile.encoding=UTF-8 -XX:+ShowCodeDetailsInExceptionMessages Es_dnevniks.EsDnevniksApplication --spring.output.ansi.enabled=always

Host: Intel(R) Core(TM) i3-7020U CPU @ 2.30GHz, 4 cores, 7G,  Windows 10 , 64 bit Build 19041 (10.0.19041.3155)
Time: Fri Aug 25 18:58:50 2023 Central Europe Daylight Time elapsed time: 10.116414 seconds (0d 0h 0m 10s)

---------------  T H R E A D  ---------------

Current thread (0x0000025311bdef10):  JavaThread "restartedMain" [_thread_in_vm, id=17680, stack(0x000000ab5c100000,0x000000ab5c200000)]

Stack: [0x000000ab5c100000,0x000000ab5c200000]
Native frames: (J=compiled Java code, j=interpreted, Vv=VM code, C=native code)
V  [jvm.dll+0x67564a]
V  [jvm.dll+0x82fc04]
V  [jvm.dll+0x8313ae]
V  [jvm.dll+0x831a13]
V  [jvm.dll+0x245235]
V  [jvm.dll+0x82bbab]
V  [jvm.dll+0x61a336]
V  [jvm.dll+0x1c016e]
V  [jvm.dll+0x61cc81]
V  [jvm.dll+0x61acd6]
V  [jvm.dll+0x242c8c]
V  [jvm.dll+0x6cb9ed]
V  [jvm.dll+0x6cc41f]
V  [jvm.dll+0x36f9b3]
V  [jvm.dll+0x36eb72]
V  [jvm.dll+0x36eb18]
V  [jvm.dll+0x37e90a]
C  0x0000025305a69a84

Java frames: (J=compiled Java code, j=interpreted, Vv=VM code)
j  org.apache.catalina.startup.Tomcat.getServer()Lorg/apache/catalina/Server;+21
j  org.apache.catalina.startup.Tomcat.getService()Lorg/apache/catalina/Service;+1
j  org.springframework.boot.web.embedded.tomcat.TomcatServletWebServerFactory.getWebServer([Lorg/springframework/boot/web/servlet/ServletContextInitializer;)Lorg/springframework/boot/web/server/WebServer;+114
j  org.springframework.boot.web.servlet.context.ServletWebServerApplicationContext.createWebServer()V+67
j  org.springframework.boot.web.servlet.context.ServletWebServerApplicationContext.onRefresh()V+5
j  org.springframework.context.support.AbstractApplicationContext.refresh()V+77
j  org.springframework.boot.web.servlet.context.ServletWebServerApplicationContext.refresh()V+1
j  org.springframework.boot.SpringApplication.refresh(Lorg/springframework/context/ConfigurableApplicationContext;)V+1
j  org.springframework.boot.SpringApplication.refreshContext(Lorg/springframework/context/ConfigurableApplicationContext;)V+16
j  org.springframework.boot.SpringApplication.run([Ljava/lang/String;)Lorg/springframework/context/ConfigurableApplicationContext;+107
j  org.springframework.boot.SpringApplication.run([Ljava/lang/Class;[Ljava/lang/String;)Lorg/springframework/context/ConfigurableApplicationContext;+9
j  org.springframework.boot.SpringApplication.run(Ljava/lang/Class;[Ljava/lang/String;)Lorg/springframework/context/ConfigurableApplicationContext;+9
j  Es_dnevniks.EsDnevniksApplication.main([Ljava/lang/String;)V+3
v  ~StubRoutines::call_stub
j  jdk.internal.reflect.NativeMethodAccessorImpl.invoke0(Ljava/lang/reflect/Method;Ljava/lang/Object;[Ljava/lang/Object;)Ljava/lang/Object;+0 java.base@17.0.2
j  jdk.internal.reflect.NativeMethodAccessorImpl.invoke(Ljava/lang/Object;[Ljava/lang/Object;)Ljava/lang/Object;+133 java.base@17.0.2
j  jdk.internal.reflect.DelegatingMethodAccessorImpl.invoke(Ljava/lang/Object;[Ljava/lang/Object;)Ljava/lang/Object;+6 java.base@17.0.2
j  java.lang.reflect.Method.invoke(Ljava/lang/Object;[Ljava/lang/Object;)Ljava/lang/Object;+59 java.base@17.0.2
j  org.springframework.boot.devtools.restart.RestartLauncher.run()V+42
v  ~StubRoutines::call_stub

---------------  P R O C E S S  ---------------

Threads class SMR info:
_java_thread_list=0x0000025312283aa0, length=22, elements={
0x000002530035cff0, 0x000002530f82ad90, 0x000002530f82bb10, 0x000002530f88b290,
0x000002530f88c010, 0x0000025310402090, 0x0000025310402950, 0x0000025310404220,
0x000002530f894130, 0x000002530f7ce6d0, 0x00000253104c6050, 0x00000253104c6560,
0x00000253105cfa20, 0x0000025310bb9e70, 0x0000025310bb2680, 0x0000025310bb2fa0,
0x0000025310a80840, 0x0000025310fbd950, 0x0000025310fbe640, 0x0000025310fcebd0,
0x0000025311bdea40, 0x0000025311bdef10
}

Java Threads: ( => current thread )
  0x000002530035cff0 JavaThread "main" [_thread_blocked, id=1096, stack(0x000000ab5a100000,0x000000ab5a200000)]
  0x000002530f82ad90 JavaThread "Reference Handler" daemon [_thread_blocked, id=11632, stack(0x000000ab5a800000,0x000000ab5a900000)]
  0x000002530f82bb10 JavaThread "Finalizer" daemon [_thread_blocked, id=11584, stack(0x000000ab5a900000,0x000000ab5aa00000)]
  0x000002530f88b290 JavaThread "Signal Dispatcher" daemon [_thread_blocked, id=9164, stack(0x000000ab5aa00000,0x000000ab5ab00000)]
  0x000002530f88c010 JavaThread "Attach Listener" daemon [_thread_blocked, id=1048, stack(0x000000ab5ab00000,0x000000ab5ac00000)]
  0x0000025310402090 JavaThread "Service Thread" daemon [_thread_blocked, id=18092, stack(0x000000ab5ac00000,0x000000ab5ad00000)]
  0x0000025310402950 JavaThread "Monitor Deflation Thread" daemon [_thread_blocked, id=15616, stack(0x000000ab5ad00000,0x000000ab5ae00000)]
  0x0000025310404220 JavaThread "C1 CompilerThread0" daemon [_thread_blocked, id=10908, stack(0x000000ab5ae00000,0x000000ab5af00000)]
  0x000002530f894130 JavaThread "Sweeper thread" daemon [_thread_blocked, id=16656, stack(0x000000ab5af00000,0x000000ab5b000000)]
  0x000002530f7ce6d0 JavaThread "Common-Cleaner" daemon [_thread_blocked, id=9532, stack(0x000000ab5b000000,0x000000ab5b100000)]
  0x00000253104c6050 JavaThread "C1 CompilerThread1" daemon [_thread_blocked, id=13188, stack(0x000000ab5b100000,0x000000ab5b200000)]
  0x00000253104c6560 JavaThread "C1 CompilerThread2" daemon [_thread_blocked, id=2512, stack(0x000000ab5b200000,0x000000ab5b300000)]
  0x00000253105cfa20 JavaThread "Notification Thread" daemon [_thread_blocked, id=9696, stack(0x000000ab5b300000,0x000000ab5b400000)]
  0x0000025310bb9e70 JavaThread "RMI TCP Accept-0" daemon [_thread_in_native, id=17476, stack(0x000000ab5b400000,0x000000ab5b500000)]
  0x0000025310bb2680 JavaThread "RMI TCP Accept-53363" daemon [_thread_in_native, id=14340, stack(0x000000ab5b500000,0x000000ab5b600000)]
  0x0000025310bb2fa0 JavaThread "RMI TCP Accept-0" daemon [_thread_in_native, id=9132, stack(0x000000ab5b600000,0x000000ab5b700000)]
  0x0000025310a80840 JavaThread "RMI TCP Connection(1)-127.0.0.1" daemon [_thread_in_native, id=10476, stack(0x000000ab5bc00000,0x000000ab5bd00000)]
  0x0000025310fbd950 JavaThread "RMI Scheduler(0)" daemon [_thread_blocked, id=6148, stack(0x000000ab5bd00000,0x000000ab5be00000)]
  0x0000025310fbe640 JavaThread "RMI TCP Connection(2)-127.0.0.1" daemon [_thread_in_native, id=13980, stack(0x000000ab5be00000,0x000000ab5bf00000)]
  0x0000025310fcebd0 JavaThread "JMX server connection timeout 21" daemon [_thread_blocked, id=6364, stack(0x000000ab5bf00000,0x000000ab5c000000)]
  0x0000025311bdea40 JavaThread "Thread-0" [_thread_blocked, id=14936, stack(0x000000ab5c000000,0x000000ab5c100000)]
=>0x0000025311bdef10 JavaThread "restartedMain" [_thread_in_vm, id=17680, stack(0x000000ab5c100000,0x000000ab5c200000)]

Other Threads:
  0x000002530f824b30 VMThread "VM Thread" [stack: 0x000000ab5a700000,0x000000ab5a800000] [id=18772]
  0x0000025310bbac90 WatcherThread [stack: 0x000000ab5b700000,0x000000ab5b800000] [id=16820]
  0x00000253023e04f0 GCTaskThread "GC Thread#0" [stack: 0x000000ab5a200000,0x000000ab5a300000] [id=13940]
  0x0000025310cf93f0 GCTaskThread "GC Thread#1" [stack: 0x000000ab5b800000,0x000000ab5b900000] [id=13000]
  0x0000025310cf96a0 GCTaskThread "GC Thread#2" [stack: 0x000000ab5b900000,0x000000ab5ba00000] [id=9232]
  0x0000025310cfa8c0 GCTaskThread "GC Thread#3" [stack: 0x000000ab5ba00000,0x000000ab5bb00000] [id=10252]
  0x00000253023f1040 ConcurrentGCThread "G1 Main Marker" [stack: 0x000000ab5a300000,0x000000ab5a400000] [id=8688]
  0x00000253023f1960 ConcurrentGCThread "G1 Conc#0" [stack: 0x000000ab5a400000,0x000000ab5a500000] [id=2880]
  0x00000253024671f0 ConcurrentGCThread "G1 Refine#0" [stack: 0x000000ab5a500000,0x000000ab5a600000] [id=10324]
  0x0000025310cfa500 ConcurrentGCThread "G1 Refine#1" [stack: 0x000000ab5bb00000,0x000000ab5bc00000] [id=8476]
  0x0000025302467b20 ConcurrentGCThread "G1 Service" [stack: 0x000000ab5a600000,0x000000ab5a700000] [id=18684]

Threads with active compile tasks:

VM state: not at safepoint (normal execution)

VM Mutex/Monitor currently owned by a thread:  ([mutex/lock_event])
[0x000002530239e510] Metaspace_lock - owner thread: 0x0000025311bdef10

Heap address: 0x0000000081800000, size: 2024 MB, Compressed Oops mode: 32-bit

CDS archive(s) not mapped
Compressed class space mapped at: 0x0000000100000000-0x0000000140000000, reserved size: 1073741824
Narrow klass base: 0x0000000000000000, Narrow klass shift: 3, Narrow klass range: 0x140000000

GC Precious Log:
 CPUs: 4 total, 4 available
 Memory: 8088M
 Large Page Support: Disabled
 NUMA Support: Disabled
 Compressed Oops: Enabled (32-bit)
 Heap Region Size: 1M
 Heap Min Capacity: 8M
 Heap Initial Capacity: 128M
 Heap Max Capacity: 2024M
 Pre-touch: Disabled
 Parallel Workers: 4
 Concurrent Workers: 1
 Concurrent Refinement Workers: 4
 Periodic GC: Disabled

Heap:
 garbage-first heap   total 40960K, used 19907K [0x0000000081800000, 0x0000000100000000)
  region size 1024K, 6 young (6144K), 3 survivors (3072K)
 Metaspace       used 37908K, committed 38208K, reserved 1089536K
  class space    used 4932K, committed 5056K, reserved 1048576K

Heap Regions: E=young(eden), S=young(survivor), O=old, HS=humongous(starts), HC=humongous(continues), CS=collection set, F=free, OA=open archive, CA=closed archive, TAMS=top-at-mark-start (previous, next)
|   0|0x0000000081800000, 0x0000000081900000, 0x0000000081900000|100%|HS|  |TAMS 0x0000000081900000, 0x0000000081800000| Complete 
|   1|0x0000000081900000, 0x0000000081a00000, 0x0000000081a00000|100%| O|  |TAMS 0x0000000081a00000, 0x0000000081900000| Untracked 
|   2|0x0000000081a00000, 0x0000000081b00000, 0x0000000081b00000|100%| O|  |TAMS 0x0000000081b00000, 0x0000000081a00000| Untracked 
|   3|0x0000000081b00000, 0x0000000081c00000, 0x0000000081c00000|100%| O|  |TAMS 0x0000000081c00000, 0x0000000081b00000| Untracked 
|   4|0x0000000081c00000, 0x0000000081d00000, 0x0000000081d00000|100%| O|  |TAMS 0x0000000081d00000, 0x0000000081c00000| Untracked 
|   5|0x0000000081d00000, 0x0000000081e00000, 0x0000000081e00000|100%| O|  |TAMS 0x0000000081e00000, 0x0000000081d00000| Untracked 
|   6|0x0000000081e00000, 0x0000000081f00000, 0x0000000081f00000|100%| O|  |TAMS 0x0000000081f00000, 0x0000000081e00000| Untracked 
|   7|0x0000000081f00000, 0x0000000082000000, 0x0000000082000000|100%| O|  |TAMS 0x0000000082000000, 0x0000000081f00000| Untracked 
|   8|0x0000000082000000, 0x0000000082100000, 0x0000000082100000|100%| O|  |TAMS 0x0000000082100000, 0x0000000082000000| Untracked 
|   9|0x0000000082100000, 0x0000000082200000, 0x0000000082200000|100%| O|  |TAMS 0x0000000082200000, 0x0000000082100000| Untracked 
|  10|0x0000000082200000, 0x0000000082300000, 0x0000000082300000|100%| O|  |TAMS 0x0000000082300000, 0x0000000082200000| Untracked 
|  11|0x0000000082300000, 0x0000000082400000, 0x0000000082400000|100%| O|  |TAMS 0x0000000082400000, 0x0000000082300000| Untracked 
|  12|0x0000000082400000, 0x0000000082500000, 0x0000000082500000|100%| O|  |TAMS 0x00000000824b2a00, 0x0000000082400000| Untracked 
|  13|0x0000000082500000, 0x0000000082600000, 0x0000000082600000|100%| O|  |TAMS 0x0000000082500000, 0x0000000082500000| Untracked 
|  14|0x0000000082600000, 0x00000000826b4a00, 0x0000000082700000| 70%| O|  |TAMS 0x0000000082600000, 0x0000000082600000| Untracked 
|  15|0x0000000082700000, 0x0000000082700000, 0x0000000082800000|  0%| F|  |TAMS 0x0000000082700000, 0x0000000082700000| Untracked 
|  16|0x0000000082800000, 0x0000000082800000, 0x0000000082900000|  0%| F|  |TAMS 0x0000000082800000, 0x0000000082800000| Untracked 
|  17|0x0000000082900000, 0x0000000082900000, 0x0000000082a00000|  0%| F|  |TAMS 0x0000000082900000, 0x0000000082900000| Untracked 
|  18|0x0000000082a00000, 0x0000000082a00000, 0x0000000082b00000|  0%| F|  |TAMS 0x0000000082a00000, 0x0000000082a00000| Untracked 
|  19|0x0000000082b00000, 0x0000000082b00000, 0x0000000082c00000|  0%| F|  |TAMS 0x0000000082b00000, 0x0000000082b00000| Untracked 
|  20|0x0000000082c00000, 0x0000000082c00000, 0x0000000082d00000|  0%| F|  |TAMS 0x0000000082c00000, 0x0000000082c00000| Untracked 
|  21|0x0000000082d00000, 0x0000000082d00000, 0x0000000082e00000|  0%| F|  |TAMS 0x0000000082d00000, 0x0000000082d00000| Untracked 
|  22|0x0000000082e00000, 0x0000000082ebc4a0, 0x0000000082f00000| 73%| S|CS|TAMS 0x0000000082e00000, 0x0000000082e00000| Complete 
|  23|0x0000000082f00000, 0x0000000083000000, 0x0000000083000000|100%| S|CS|TAMS 0x0000000082f00000, 0x0000000082f00000| Complete 
|  24|0x0000000083000000, 0x0000000083000000, 0x0000000083100000|  0%| F|  |TAMS 0x0000000083000000, 0x0000000083000000| Untracked 
|  25|0x0000000083100000, 0x0000000083200000, 0x0000000083200000|100%| S|CS|TAMS 0x0000000083100000, 0x0000000083100000| Complete 
|  26|0x0000000083200000, 0x0000000083200000, 0x0000000083300000|  0%| F|  |TAMS 0x0000000083200000, 0x0000000083200000| Untracked 
|  27|0x0000000083300000, 0x0000000083300000, 0x0000000083400000|  0%| F|  |TAMS 0x0000000083300000, 0x0000000083300000| Untracked 
|  28|0x0000000083400000, 0x0000000083400000, 0x0000000083500000|  0%| F|  |TAMS 0x0000000083400000, 0x0000000083400000| Untracked 
|  29|0x0000000083500000, 0x0000000083500000, 0x0000000083600000|  0%| F|  |TAMS 0x0000000083500000, 0x0000000083500000| Untracked 
|  30|0x0000000083600000, 0x0000000083600000, 0x0000000083700000|  0%| F|  |TAMS 0x0000000083600000, 0x0000000083600000| Untracked 
|  31|0x0000000083700000, 0x0000000083700000, 0x0000000083800000|  0%| F|  |TAMS 0x0000000083700000, 0x0000000083700000| Untracked 
|  32|0x0000000083800000, 0x0000000083800000, 0x0000000083900000|  0%| F|  |TAMS 0x0000000083800000, 0x0000000083800000| Untracked 
|  33|0x0000000083900000, 0x0000000083900000, 0x0000000083a00000|  0%| F|  |TAMS 0x0000000083900000, 0x0000000083900000| Untracked 
|  34|0x0000000083a00000, 0x0000000083a00000, 0x0000000083b00000|  0%| F|  |TAMS 0x0000000083a00000, 0x0000000083a00000| Untracked 
| 119|0x0000000088f00000, 0x0000000088f00000, 0x0000000089000000|  0%| F|  |TAMS 0x0000000088f00000, 0x0000000088f00000| Untracked 
| 120|0x0000000089000000, 0x0000000089000000, 0x0000000089100000|  0%| F|  |TAMS 0x0000000089000000, 0x0000000089000000| Untracked 
| 121|0x0000000089100000, 0x0000000089176ed8, 0x0000000089200000| 46%| E|  |TAMS 0x0000000089100000, 0x0000000089100000| Complete 
| 122|0x0000000089200000, 0x0000000089300000, 0x0000000089300000|100%| E|CS|TAMS 0x0000000089200000, 0x0000000089200000| Complete 
| 127|0x0000000089700000, 0x0000000089800000, 0x0000000089800000|100%| E|CS|TAMS 0x0000000089700000, 0x0000000089700000| Complete 

Card table byte_map: [0x0000025308e50000,0x0000025309250000] _byte_map_base: 0x0000025308a44000

Marking Bits (Prev, Next): (CMBitMap*) 0x00000253023e0a10, (CMBitMap*) 0x00000253023e0a50
 Prev Bits: [0x0000025309650000, 0x000002530b5f0000)
 Next Bits: [0x000002530b5f0000, 0x000002530d590000)

Polling page: 0x0000025300200000

Metaspace:

Usage:
  Non-class:     32.20 MB used.
      Class:      4.82 MB used.
       Both:     37.02 MB used.

Virtual space:
  Non-class space:       40.00 MB reserved,      32.38 MB ( 81%) committed,  5 nodes.
      Class space:        1.00 GB reserved,       4.94 MB ( <1%) committed,  1 nodes.
             Both:        1.04 GB reserved,      37.31 MB (  4%) committed. 

Chunk freelists:
   Non-Class:  3.48 MB
       Class:  2.94 MB
        Both:  6.42 MB

MaxMetaspaceSize: unlimited
CompressedClassSpaceSize: 1.00 GB
Initial GC threshold: 21.00 MB
Current GC threshold: 58.69 MB
CDS: off
MetaspaceReclaimPolicy: balanced
 - commit_granule_bytes: 65536.
 - commit_granule_words: 8192.
 - virtual_space_node_default_size: 1048576.
 - enlarge_chunks_in_place: 1.
 - new_chunks_are_fully_committed: 0.
 - uncommit_free_chunks: 1.
 - use_allocation_guard: 0.
 - handle_deallocations: 1.


Internal statistics:

num_allocs_failed_limit: 6.
num_arena_births: 360.
num_arena_deaths: 0.
num_vsnodes_births: 6.
num_vsnodes_deaths: 0.
num_space_committed: 597.
num_space_uncommitted: 0.
num_chunks_returned_to_freelist: 6.
num_chunks_taken_from_freelist: 1395.
num_chunk_merges: 6.
num_chunk_splits: 963.
num_chunks_enlarged: 707.
num_purges: 0.
num_inconsistent_stats: 0.

CodeCache: size=49152Kb used=8309Kb max_used=8309Kb free=40843Kb
 bounds [0x0000025305a50000, 0x0000025306270000, 0x0000025308a50000]
 total_blobs=4327 nmethods=3833 adapters=418
 compilation: enabled
              stopped_count=0, restarted_count=0
 full_count=0

Compilation events (20 events):
Event: 9.902 Thread 0x00000253104c6050 nmethod 3827 0x000002530626ab90 code [0x000002530626ad20, 0x000002530626ade8]
Event: 9.902 Thread 0x0000025310404220 nmethod 3826 0x000002530626ae90 code [0x000002530626b020, 0x000002530626b108]
Event: 9.902 Thread 0x0000025310404220 3828       1       org.springframework.core.BridgeMethodResolver::isBridgedCandidateFor (46 bytes)
Event: 9.902 Thread 0x0000025310404220 nmethod 3828 0x000002530626b190 code [0x000002530626b340, 0x000002530626b4b8]
Event: 9.938 Thread 0x00000253104c6050 3829       1       org.springframework.util.ReflectionUtils::getAllDeclaredMethods (38 bytes)
Event: 9.938 Thread 0x0000025310404220 3830       1       org.springframework.util.ReflectionUtils$$Lambda$583/0x00000001004b9678::<init> (10 bytes)
Event: 9.938 Thread 0x0000025310404220 nmethod 3830 0x000002530626b610 code [0x000002530626b7a0, 0x000002530626b8b8]
Event: 9.938 Thread 0x00000253104c6560 3831       1       org.springframework.util.ReflectionUtils::doWithMethods (7 bytes)
Event: 9.939 Thread 0x00000253104c6560 nmethod 3831 0x000002530626b910 code [0x000002530626baa0, 0x000002530626bb68]
Event: 9.939 Thread 0x00000253104c6050 nmethod 3829 0x000002530626bc10 code [0x000002530626bde0, 0x000002530626c038]
Event: 9.997 Thread 0x00000253104c6050 3832       1       java.nio.CharBuffer::arrayOffset (35 bytes)
Event: 9.997 Thread 0x00000253104c6050 nmethod 3832 0x000002530626c210 code [0x000002530626c3c0, 0x000002530626c598]
Event: 10.052 Thread 0x00000253104c6050 3833       1       java.util.Locale::getLanguage (8 bytes)
Event: 10.052 Thread 0x00000253104c6050 nmethod 3833 0x000002530626c690 code [0x000002530626c820, 0x000002530626c8f8]
Event: 10.056 Thread 0x00000253104c6560 3834       1       java.nio.ByteBuffer::array (35 bytes)
Event: 10.056 Thread 0x00000253104c6560 nmethod 3834 0x000002530626c990 code [0x000002530626cb40, 0x000002530626cd18]
Event: 10.061 Thread 0x00000253104c6560 3835       1       java.nio.CharBuffer::position (8 bytes)
Event: 10.061 Thread 0x00000253104c6560 nmethod 3835 0x000002530626ce10 code [0x000002530626cfa0, 0x000002530626d088]
Event: 10.075 Thread 0x00000253104c6560 3836       1       java.nio.CharBuffer::position (6 bytes)
Event: 10.076 Thread 0x00000253104c6560 nmethod 3836 0x000002530626d110 code [0x000002530626d2a0, 0x000002530626d388]

GC Heap History (20 events):
Event: 4.120 GC heap before
{Heap before GC invocations=2 (full 0):
 garbage-first heap   total 131072K, used 27645K [0x0000000081800000, 0x0000000100000000)
  region size 1024K, 21 young (21504K), 2 survivors (2048K)
 Metaspace       used 19942K, committed 20224K, reserved 1073152K
  class space    used 2318K, committed 2432K, reserved 1048576K
}
Event: 4.125 GC heap after
{Heap after GC invocations=3 (full 0):
 garbage-first heap   total 131072K, used 9808K [0x0000000081800000, 0x0000000100000000)
  region size 1024K, 3 young (3072K), 3 survivors (3072K)
 Metaspace       used 19942K, committed 20224K, reserved 1073152K
  class space    used 2318K, committed 2432K, reserved 1048576K
}
Event: 4.233 GC heap before
{Heap before GC invocations=3 (full 0):
 garbage-first heap   total 131072K, used 12880K [0x0000000081800000, 0x0000000100000000)
  region size 1024K, 8 young (8192K), 3 survivors (3072K)
 Metaspace       used 21297K, committed 21504K, reserved 1073152K
  class space    used 2463K, committed 2560K, reserved 1048576K
}
Event: 4.238 GC heap after
{Heap after GC invocations=4 (full 0):
 garbage-first heap   total 131072K, used 10065K [0x0000000081800000, 0x0000000100000000)
  region size 1024K, 4 young (4096K), 4 survivors (4096K)
 Metaspace       used 21297K, committed 21504K, reserved 1073152K
  class space    used 2463K, committed 2560K, reserved 1048576K
}
Event: 5.045 GC heap before
{Heap before GC invocations=5 (full 0):
 garbage-first heap   total 40960K, used 29521K [0x0000000081800000, 0x0000000100000000)
  region size 1024K, 24 young (24576K), 4 survivors (4096K)
 Metaspace       used 24727K, committed 25024K, reserved 1073152K
  class space    used 3067K, committed 3200K, reserved 1048576K
}
Event: 5.053 GC heap after
{Heap after GC invocations=6 (full 0):
 garbage-first heap   total 40960K, used 11484K [0x0000000081800000, 0x0000000100000000)
  region size 1024K, 2 young (2048K), 2 survivors (2048K)
 Metaspace       used 24727K, committed 25024K, reserved 1073152K
  class space    used 3067K, committed 3200K, reserved 1048576K
}
Event: 5.111 GC heap before
{Heap before GC invocations=6 (full 0):
 garbage-first heap   total 40960K, used 12508K [0x0000000081800000, 0x0000000100000000)
  region size 1024K, 3 young (3072K), 2 survivors (2048K)
 Metaspace       used 24915K, committed 25152K, reserved 1073152K
  class space    used 3091K, committed 3200K, reserved 1048576K
}
Event: 5.115 GC heap after
{Heap after GC invocations=7 (full 0):
 garbage-first heap   total 40960K, used 11635K [0x0000000081800000, 0x0000000100000000)
  region size 1024K, 1 young (1024K), 1 survivors (1024K)
 Metaspace       used 24915K, committed 25152K, reserved 1073152K
  class space    used 3091K, committed 3200K, reserved 1048576K
}
Event: 5.630 GC heap before
{Heap before GC invocations=7 (full 0):
 garbage-first heap   total 40960K, used 26995K [0x0000000081800000, 0x0000000100000000)
  region size 1024K, 17 young (17408K), 1 survivors (1024K)
 Metaspace       used 28019K, committed 28288K, reserved 1081344K
  class space    used 3399K, committed 3520K, reserved 1048576K
}
Event: 5.633 GC heap after
{Heap after GC invocations=8 (full 0):
 garbage-first heap   total 40960K, used 12388K [0x0000000081800000, 0x0000000100000000)
  region size 1024K, 2 young (2048K), 2 survivors (2048K)
 Metaspace       used 28019K, committed 28288K, reserved 1081344K
  class space    used 3399K, committed 3520K, reserved 1048576K
}
Event: 6.263 GC heap before
{Heap before GC invocations=8 (full 0):
 garbage-first heap   total 40960K, used 27748K [0x0000000081800000, 0x0000000100000000)
  region size 1024K, 18 young (18432K), 2 survivors (2048K)
 Metaspace       used 30601K, committed 30848K, reserved 1081344K
  class space    used 3777K, committed 3904K, reserved 1048576K
}
Event: 6.267 GC heap after
{Heap after GC invocations=9 (full 0):
 garbage-first heap   total 40960K, used 13285K [0x0000000081800000, 0x0000000100000000)
  region size 1024K, 2 young (2048K), 2 survivors (2048K)
 Metaspace       used 30601K, committed 30848K, reserved 1081344K
  class space    used 3777K, committed 3904K, reserved 1048576K
}
Event: 7.232 GC heap before
{Heap before GC invocations=9 (full 0):
 garbage-first heap   total 40960K, used 30693K [0x0000000081800000, 0x0000000100000000)
  region size 1024K, 19 young (19456K), 2 survivors (2048K)
 Metaspace       used 31886K, committed 32192K, reserved 1081344K
  class space    used 3971K, committed 4096K, reserved 1048576K
}
Event: 7.237 GC heap after
{Heap after GC invocations=10 (full 0):
 garbage-first heap   total 40960K, used 14322K [0x0000000081800000, 0x0000000100000000)
  region size 1024K, 2 young (2048K), 2 survivors (2048K)
 Metaspace       used 31886K, committed 32192K, reserved 1081344K
  class space    used 3971K, committed 4096K, reserved 1048576K
}
Event: 7.976 GC heap before
{Heap before GC invocations=10 (full 0):
 garbage-first heap   total 40960K, used 30706K [0x0000000081800000, 0x0000000100000000)
  region size 1024K, 18 young (18432K), 2 survivors (2048K)
 Metaspace       used 33428K, committed 33728K, reserved 1081344K
  class space    used 4223K, committed 4352K, reserved 1048576K
}
Event: 7.981 GC heap after
{Heap after GC invocations=11 (full 0):
 garbage-first heap   total 40960K, used 15317K [0x0000000081800000, 0x0000000100000000)
  region size 1024K, 3 young (3072K), 3 survivors (3072K)
 Metaspace       used 33428K, committed 33728K, reserved 1081344K
  class space    used 4223K, committed 4352K, reserved 1048576K
}
Event: 9.173 GC heap before
{Heap before GC invocations=11 (full 0):
 garbage-first heap   total 40960K, used 29653K [0x0000000081800000, 0x0000000100000000)
  region size 1024K, 18 young (18432K), 3 survivors (3072K)
 Metaspace       used 35674K, committed 35968K, reserved 1081344K
  class space    used 4563K, committed 4736K, reserved 1048576K
}
Event: 9.179 GC heap after
{Heap after GC invocations=12 (full 0):
 garbage-first heap   total 40960K, used 16495K [0x0000000081800000, 0x0000000100000000)
  region size 1024K, 3 young (3072K), 3 survivors (3072K)
 Metaspace       used 35674K, committed 35968K, reserved 1081344K
  class space    used 4563K, committed 4736K, reserved 1048576K
}
Event: 9.962 GC heap before
{Heap before GC invocations=13 (full 0):
 garbage-first heap   total 40960K, used 30831K [0x0000000081800000, 0x0000000100000000)
  region size 1024K, 17 young (17408K), 3 survivors (3072K)
 Metaspace       used 37364K, committed 37696K, reserved 1089536K
  class space    used 4873K, committed 5056K, reserved 1048576K
}
Event: 9.968 GC heap after
{Heap after GC invocations=14 (full 0):
 garbage-first heap   total 40960K, used 17859K [0x0000000081800000, 0x0000000100000000)
  region size 1024K, 3 young (3072K), 3 survivors (3072K)
 Metaspace       used 37364K, committed 37696K, reserved 1089536K
  class space    used 4873K, committed 5056K, reserved 1048576K
}

Deoptimization events (10 events):
Event: 2.874 Thread 0x000002530035cff0 DEOPT PACKING pc=0x0000025305d173f5 sp=0x000000ab5a1fd9a0
Event: 2.874 Thread 0x000002530035cff0 DEOPT UNPACKING pc=0x0000025305aa2b43 sp=0x000000ab5a1fcdf8 mode 3
Event: 4.277 Thread 0x0000025311bde570 DEOPT PACKING pc=0x0000025305f6b085 sp=0x000000ab5c2fbbb0
Event: 4.277 Thread 0x0000025311bde570 DEOPT UNPACKING pc=0x0000025305aa2b43 sp=0x000000ab5c2fb110 mode 3
Event: 4.388 Thread 0x0000025311bdef10 DEOPT PACKING pc=0x0000025305f84619 sp=0x000000ab5c1fcab0
Event: 4.388 Thread 0x0000025311bdef10 DEOPT UNPACKING pc=0x0000025305aa2b43 sp=0x000000ab5c1fbf90 mode 3
Event: 7.547 Thread 0x0000025311bdef10 DEOPT PACKING pc=0x0000025305f9a914 sp=0x000000ab5c1fcf70
Event: 7.547 Thread 0x0000025311bdef10 DEOPT UNPACKING pc=0x0000025305aa2b43 sp=0x000000ab5c1fc4c8 mode 0
Event: 8.668 Thread 0x0000025311bdef10 DEOPT PACKING pc=0x00000253061e7df5 sp=0x000000ab5c1fc350
Event: 8.668 Thread 0x0000025311bdef10 DEOPT UNPACKING pc=0x0000025305aa2b43 sp=0x000000ab5c1fb7c0 mode 3

Classes unloaded (0 events):
No events

Classes redefined (0 events):
No events

Internal exceptions (20 events):
Event: 9.044 Thread 0x0000025311bdef10 Exception <a 'java/lang/ClassNotFoundException'{0x0000000083375260}: org/springframework/core/OrderedCustomizer> (0x0000000083375260) 
thrown [e:\jenkins\tmp\workspace\build\src\src\hotspot\share\classfile\systemDictionary.cpp, line 256]
Event: 9.045 Thread 0x0000025311bdef10 Exception <a 'java/lang/ClassNotFoundException'{0x000000008337be38}: org/springframework/beans/factory/BeanClassLoaderAwareCustomizer> (0x000000008337be38) 
thrown [e:\jenkins\tmp\workspace\build\src\src\hotspot\share\classfile\systemDictionary.cpp, line 256]
Event: 9.046 Thread 0x0000025311bdef10 Exception <a 'java/lang/ClassNotFoundException'{0x0000000083382840}: org/springframework/beans/factory/AwareCustomizer> (0x0000000083382840) 
thrown [e:\jenkins\tmp\workspace\build\src\src\hotspot\share\classfile\systemDictionary.cpp, line 256]
Event: 9.050 Thread 0x0000025311bdef10 Exception <a 'java/lang/ClassNotFoundException'{0x00000000833888a8}: org/springframework/aop/framework/AopInfrastructureBeanCustomizer> (0x00000000833888a8) 
thrown [e:\jenkins\tmp\workspace\build\src\src\hotspot\share\classfile\systemDictionary.cpp, line 256]
Event: 9.153 Thread 0x0000025311bdef10 Exception <a 'java/lang/NoSuchMethodError'{0x0000000083160600}: 'int java.lang.invoke.DirectMethodHandle$Holder.invokeSpecial(java.lang.Object, java.lang.Object, java.lang.Object, java.lang.Object, java.lang.Object)'> (0x0000000083160600) 
thrown [e:\jenkins\tmp\workspace\build\src\src\hotspot\share\interpreter\linkResolver.cpp, line 766]
Event: 9.196 Thread 0x0000025311bdef10 Exception <a 'java/lang/ClassNotFoundException'{0x00000000897666a8}: java/lang/ObjectCustomizer> (0x00000000897666a8) 
thrown [e:\jenkins\tmp\workspace\build\src\src\hotspot\share\classfile\systemDictionary.cpp, line 256]
Event: 9.198 Thread 0x0000025311bdef10 Exception <a 'java/lang/ClassNotFoundException'{0x0000000089771a88}: org/springframework/transaction/annotation/AbstractTransactionManagementConfigurationCustomizer> (0x0000000089771a88) 
thrown [e:\jenkins\tmp\workspace\build\src\src\hotspot\share\classfile\systemDictionary.cpp, line 256]
Event: 9.199 Thread 0x0000025311bdef10 Exception <a 'java/lang/ClassNotFoundException'{0x000000008977c050}: org/springframework/transaction/annotation/ProxyTransactionManagementConfigurationCustomizer> (0x000000008977c050) 
thrown [e:\jenkins\tmp\workspace\build\src\src\hotspot\share\classfile\systemDictionary.cpp, line 256]
Event: 9.205 Thread 0x0000025311bdef10 Exception <a 'java/lang/ClassNotFoundException'{0x0000000089787408}: org/springframework/context/annotation/ImportAwareCustomizer> (0x0000000089787408) 
thrown [e:\jenkins\tmp\workspace\build\src\src\hotspot\share\classfile\systemDictionary.cpp, line 256]
Event: 9.206 Thread 0x0000025311bdef10 Exception <a 'java/lang/ClassNotFoundException'{0x000000008978f790}: org/springframework/beans/factory/AwareCustomizer> (0x000000008978f790) 
thrown [e:\jenkins\tmp\workspace\build\src\src\hotspot\share\classfile\systemDictionary.cpp, line 256]
Event: 9.294 Thread 0x0000025311bdef10 Exception <a 'java/lang/ClassNotFoundException'{0x00000000891ae420}: java/lang/ObjectCustomizer> (0x00000000891ae420) 
thrown [e:\jenkins\tmp\workspace\build\src\src\hotspot\share\classfile\systemDictionary.cpp, line 256]
Event: 9.296 Thread 0x0000025311bdef10 Exception <a 'java/lang/ClassNotFoundException'{0x00000000891b8e50}: org/springframework/security/config/annotation/method/configuration/PrePostMethodSecurityConfigurationCustomizer> (0x00000000891b8e50) 
thrown [e:\jenkins\tmp\workspace\build\src\src\hotspot\share\classfile\systemDictionary.cpp, line 256]
Event: 9.517 Thread 0x0000025310fbe640 Exception <a 'java/lang/reflect/InvocationTargetException'{0x0000000088f01bd8}> (0x0000000088f01bd8) 
thrown [e:\jenkins\tmp\workspace\build\src\src\hotspot\share\runtime\reflection.cpp, line 1121]
Event: 9.712 Thread 0x0000025311bdef10 Exception <a 'java/lang/NoSuchMethodError'{0x00000000839f8930}: 'java.lang.Object java.lang.invoke.DirectMethodHandle$Holder.invokeStatic(java.lang.Object, java.lang.Object, int)'> (0x00000000839f8930) 
thrown [e:\jenkins\tmp\workspace\build\src\src\hotspot\share\interpreter\linkResolver.cpp, line 766]
Event: 9.714 Thread 0x0000025311bdef10 Exception <a 'java/lang/NoSuchMethodError'{0x0000000083804698}: 'void java.lang.invoke.DelegatingMethodHandle$Holder.delegate(java.lang.Object, java.lang.Object, int, java.lang.Object)'> (0x0000000083804698) 
thrown [e:\jenkins\tmp\workspace\build\src\src\hotspot\share\interpreter\linkResolver.cpp, line 766]
Event: 9.782 Thread 0x0000025311bdef10 Exception <a 'java/lang/NoSuchMethodError'{0x00000000837ea578}: 'void java.lang.invoke.DirectMethodHandle$Holder.invokeInterface(java.lang.Object, java.lang.Object, int)'> (0x00000000837ea578) 
thrown [e:\jenkins\tmp\workspace\build\src\src\hotspot\share\interpreter\linkResolver.cpp, line 766]
Event: 9.789 Thread 0x0000025311bdef10 Exception <a 'java/lang/IncompatibleClassChangeError'{0x000000008363a0b0}: Found class java.lang.Object, but interface was expected> (0x000000008363a0b0) 
thrown [e:\jenkins\tmp\workspace\build\src\src\hotspot\share\interpreter\linkResolver.cpp, line 833]
Event: 9.790 Thread 0x0000025311bdef10 Exception <a 'java/lang/NoSuchMethodError'{0x000000008363f278}: 'void java.lang.invoke.DirectMethodHandle$Holder.invokeStatic(java.lang.Object, int, java.lang.Object)'> (0x000000008363f278) 
thrown [e:\jenkins\tmp\workspace\build\src\src\hotspot\share\interpreter\linkResolver.cpp, line 766]
Event: 9.793 Thread 0x0000025311bdef10 Exception <a 'java/lang/NoSuchMethodError'{0x000000008366e9c0}: 'int java.lang.invoke.DirectMethodHandle$Holder.invokeSpecial(java.lang.Object, java.lang.Object, int)'> (0x000000008366e9c0) 
thrown [e:\jenkins\tmp\workspace\build\src\src\hotspot\share\interpreter\linkResolver.cpp, line 766]
Event: 10.020 Thread 0x0000025310fbe640 Exception <a 'java/lang/reflect/InvocationTargetException'{0x00000000897ef1b0}> (0x00000000897ef1b0) 
thrown [e:\jenkins\tmp\workspace\build\src\src\hotspot\share\runtime\reflection.cpp, line 1121]

VM Operations (20 events):
Event: 8.528 Executing VM operation: HandshakeAllThreads
Event: 8.528 Executing VM operation: HandshakeAllThreads done
Event: 8.989 Executing VM operation: HandshakeAllThreads
Event: 8.989 Executing VM operation: HandshakeAllThreads done
Event: 8.989 Executing VM operation: Cleanup
Event: 8.989 Executing VM operation: Cleanup done
Event: 9.079 Executing VM operation: HandshakeAllThreads
Event: 9.079 Executing VM operation: HandshakeAllThreads done
Event: 9.173 Executing VM operation: CollectForMetadataAllocation
Event: 9.179 Executing VM operation: CollectForMetadataAllocation done
Event: 9.224 Executing VM operation: G1Concurrent
Event: 9.227 Executing VM operation: G1Concurrent done
Event: 9.247 Executing VM operation: G1Concurrent
Event: 9.247 Executing VM operation: G1Concurrent done
Event: 9.306 Executing VM operation: HandshakeAllThreads
Event: 9.306 Executing VM operation: HandshakeAllThreads done
Event: 9.901 Executing VM operation: HandshakeAllThreads
Event: 9.901 Executing VM operation: HandshakeAllThreads done
Event: 9.962 Executing VM operation: G1CollectForAllocation
Event: 9.968 Executing VM operation: G1CollectForAllocation done

Events (20 events):
Event: 10.027 loading class javax/net/ssl/SSLEngineResult$HandshakeStatus
Event: 10.027 loading class javax/net/ssl/SSLEngineResult$HandshakeStatus done
Event: 10.047 loading class java/nio/file/TempFileHelper
Event: 10.047 loading class java/nio/file/TempFileHelper done
Event: 10.048 loading class sun/nio/fs/WindowsPath$1
Event: 10.048 loading class sun/nio/fs/WindowsPath$1 done
Event: 10.049 loading class java/io/DeleteOnExitHook
Event: 10.049 loading class java/io/DeleteOnExitHook done
Event: 10.049 loading class java/io/DeleteOnExitHook$1
Event: 10.049 loading class java/io/DeleteOnExitHook$1 done
Event: 10.077 loading class java/util/concurrent/RejectedExecutionException
Event: 10.077 loading class java/util/concurrent/RejectedExecutionException done
Event: 10.105 loading class javax/management/modelmbean/ModelMBeanNotificationBroadcaster
Event: 10.106 loading class javax/management/modelmbean/ModelMBeanNotificationBroadcaster done
Event: 10.106 loading class javax/management/RuntimeErrorException
Event: 10.107 loading class javax/management/RuntimeErrorException done
Event: 10.113 loading class java/net/SocketTimeoutException
Event: 10.113 loading class java/io/InterruptedIOException
Event: 10.113 loading class java/io/InterruptedIOException done
Event: 10.113 loading class java/net/SocketTimeoutException done


Dynamic libraries:
0x00007ff67a120000 - 0x00007ff67a12e000 	D:\sveIzDownload\sts-4.14.1.RELEASE\plugins\org.eclipse.justj.openjdk.hotspot.jre.full.win32.x86_64_17.0.2.v20220201-1208\jre\bin\javaw.exe
0x00007ffc2e490000 - 0x00007ffc2e688000 	C:\WINDOWS\SYSTEM32\ntdll.dll
0x00007ffc2d6f0000 - 0x00007ffc2d7af000 	C:\WINDOWS\System32\KERNEL32.DLL
0x00007ffc2bc20000 - 0x00007ffc2bf16000 	C:\WINDOWS\System32\KERNELBASE.dll
0x00007ffc2c2d0000 - 0x00007ffc2c3d0000 	C:\WINDOWS\System32\ucrtbase.dll
0x00007ffc2a370000 - 0x00007ffc2a388000 	D:\sveIzDownload\sts-4.14.1.RELEASE\plugins\org.eclipse.justj.openjdk.hotspot.jre.full.win32.x86_64_17.0.2.v20220201-1208\jre\bin\jli.dll
0x00007ffc2d8d0000 - 0x00007ffc2da6d000 	C:\WINDOWS\System32\USER32.dll
0x00007ffc2c0b0000 - 0x00007ffc2c0d2000 	C:\WINDOWS\System32\win32u.dll
0x00007ffc2d050000 - 0x00007ffc2d07c000 	C:\WINDOWS\System32\GDI32.dll
0x00007ffc2c3d0000 - 0x00007ffc2c4e5000 	C:\WINDOWS\System32\gdi32full.dll
0x00007ffc2bf20000 - 0x00007ffc2bfbd000 	C:\WINDOWS\System32\msvcp_win.dll
0x00007ffc0c5b0000 - 0x00007ffc0c5c9000 	D:\sveIzDownload\sts-4.14.1.RELEASE\plugins\org.eclipse.justj.openjdk.hotspot.jre.full.win32.x86_64_17.0.2.v20220201-1208\jre\bin\VCRUNTIME140.dll
0x00007ffc1c810000 - 0x00007ffc1caaa000 	C:\WINDOWS\WinSxS\amd64_microsoft.windows.common-controls_6595b64144ccf1df_6.0.19041.1110_none_60b5254171f9507e\COMCTL32.dll
0x00007ffc2da70000 - 0x00007ffc2db0e000 	C:\WINDOWS\System32\msvcrt.dll
0x00007ffc2d840000 - 0x00007ffc2d870000 	C:\WINDOWS\System32\IMM32.DLL
0x00007ffc21250000 - 0x00007ffc2125c000 	D:\sveIzDownload\sts-4.14.1.RELEASE\plugins\org.eclipse.justj.openjdk.hotspot.jre.full.win32.x86_64_17.0.2.v20220201-1208\jre\bin\vcruntime140_1.dll
0x00007ffbe2a60000 - 0x00007ffbe2af1000 	D:\sveIzDownload\sts-4.14.1.RELEASE\plugins\org.eclipse.justj.openjdk.hotspot.jre.full.win32.x86_64_17.0.2.v20220201-1208\jre\bin\msvcp140.dll
0x00007ffbcf8d0000 - 0x00007ffbd0517000 	D:\sveIzDownload\sts-4.14.1.RELEASE\plugins\org.eclipse.justj.openjdk.hotspot.jre.full.win32.x86_64_17.0.2.v20220201-1208\jre\bin\server\jvm.dll
0x00007ffc2c850000 - 0x00007ffc2c8ff000 	C:\WINDOWS\System32\ADVAPI32.dll
0x00007ffc2c960000 - 0x00007ffc2c9fc000 	C:\WINDOWS\System32\sechost.dll
0x00007ffc2e270000 - 0x00007ffc2e396000 	C:\WINDOWS\System32\RPCRT4.dll
0x00007ffc2db10000 - 0x00007ffc2db18000 	C:\WINDOWS\System32\PSAPI.DLL
0x00007ffc1c650000 - 0x00007ffc1c659000 	C:\WINDOWS\SYSTEM32\WSOCK32.dll
0x00007ffc2d090000 - 0x00007ffc2d0fb000 	C:\WINDOWS\System32\WS2_32.dll
0x00007ffc1c620000 - 0x00007ffc1c647000 	C:\WINDOWS\SYSTEM32\WINMM.dll
0x00007ffc23090000 - 0x00007ffc2309a000 	C:\WINDOWS\SYSTEM32\VERSION.dll
0x00007ffc2a3f0000 - 0x00007ffc2a402000 	C:\WINDOWS\SYSTEM32\kernel.appcore.dll
0x00007ffc2a340000 - 0x00007ffc2a34a000 	D:\sveIzDownload\sts-4.14.1.RELEASE\plugins\org.eclipse.justj.openjdk.hotspot.jre.full.win32.x86_64_17.0.2.v20220201-1208\jre\bin\jimage.dll
0x00007ffc2a0c0000 - 0x00007ffc2a2a4000 	C:\WINDOWS\SYSTEM32\DBGHELP.DLL
0x00007ffc1f730000 - 0x00007ffc1f764000 	C:\WINDOWS\SYSTEM32\dbgcore.DLL
0x00007ffc2c240000 - 0x00007ffc2c2c2000 	C:\WINDOWS\System32\bcryptPrimitives.dll
0x00007ffc0c710000 - 0x00007ffc0c735000 	D:\sveIzDownload\sts-4.14.1.RELEASE\plugins\org.eclipse.justj.openjdk.hotspot.jre.full.win32.x86_64_17.0.2.v20220201-1208\jre\bin\java.dll
0x00007ffc23a00000 - 0x00007ffc23a18000 	D:\sveIzDownload\sts-4.14.1.RELEASE\plugins\org.eclipse.justj.openjdk.hotspot.jre.full.win32.x86_64_17.0.2.v20220201-1208\jre\bin\zip.dll
0x00007ffc2db20000 - 0x00007ffc2e264000 	C:\WINDOWS\System32\SHELL32.dll
0x00007ffc29920000 - 0x00007ffc2a0b3000 	C:\WINDOWS\SYSTEM32\windows.storage.dll
0x00007ffc2c4f0000 - 0x00007ffc2c844000 	C:\WINDOWS\System32\combase.dll
0x00007ffc2b5b0000 - 0x00007ffc2b5de000 	C:\WINDOWS\SYSTEM32\Wldp.dll
0x00007ffc2e3a0000 - 0x00007ffc2e44d000 	C:\WINDOWS\System32\SHCORE.dll
0x00007ffc2caa0000 - 0x00007ffc2caf5000 	C:\WINDOWS\System32\shlwapi.dll
0x00007ffc2baa0000 - 0x00007ffc2bac5000 	C:\WINDOWS\SYSTEM32\profapi.dll
0x00007ffc22d00000 - 0x00007ffc22d19000 	D:\sveIzDownload\sts-4.14.1.RELEASE\plugins\org.eclipse.justj.openjdk.hotspot.jre.full.win32.x86_64_17.0.2.v20220201-1208\jre\bin\net.dll
0x00007ffc1f5f0000 - 0x00007ffc1f6fa000 	C:\WINDOWS\SYSTEM32\WINHTTP.dll
0x00007ffc2b310000 - 0x00007ffc2b37a000 	C:\WINDOWS\system32\mswsock.dll
0x00007ffc17bf0000 - 0x00007ffc17c05000 	D:\sveIzDownload\sts-4.14.1.RELEASE\plugins\org.eclipse.justj.openjdk.hotspot.jre.full.win32.x86_64_17.0.2.v20220201-1208\jre\bin\nio.dll
0x00007ffc21170000 - 0x00007ffc21179000 	D:\sveIzDownload\sts-4.14.1.RELEASE\plugins\org.eclipse.justj.openjdk.hotspot.jre.full.win32.x86_64_17.0.2.v20220201-1208\jre\bin\management.dll
0x00007ffc1f290000 - 0x00007ffc1f29b000 	D:\sveIzDownload\sts-4.14.1.RELEASE\plugins\org.eclipse.justj.openjdk.hotspot.jre.full.win32.x86_64_17.0.2.v20220201-1208\jre\bin\management_ext.dll
0x00007ffbf3680000 - 0x00007ffbf3697000 	C:\WINDOWS\system32\napinsp.dll
0x00007ffbf3660000 - 0x00007ffbf367b000 	C:\WINDOWS\system32\pnrpnsp.dll
0x00007ffc230d0000 - 0x00007ffc230e5000 	C:\WINDOWS\system32\wshbth.dll
0x00007ffc20f40000 - 0x00007ffc20f5d000 	C:\WINDOWS\system32\NLAapi.dll
0x00007ffc2afb0000 - 0x00007ffc2afeb000 	C:\WINDOWS\SYSTEM32\IPHLPAPI.DLL
0x00007ffc2b000000 - 0x00007ffc2b0ca000 	C:\WINDOWS\SYSTEM32\DNSAPI.dll
0x00007ffc2d220000 - 0x00007ffc2d228000 	C:\WINDOWS\System32\NSI.dll
0x00007ffbf3640000 - 0x00007ffbf3652000 	C:\WINDOWS\System32\winrnr.dll
0x00007ffc1e440000 - 0x00007ffc1e44a000 	C:\Windows\System32\rasadhlp.dll
0x00007ffc1e480000 - 0x00007ffc1e502000 	C:\WINDOWS\System32\fwpuclnt.dll
0x00007ffc2c010000 - 0x00007ffc2c037000 	C:\WINDOWS\System32\bcrypt.dll
0x00007ffc2b510000 - 0x00007ffc2b528000 	C:\WINDOWS\SYSTEM32\CRYPTSP.dll
0x00007ffc2abb0000 - 0x00007ffc2abe4000 	C:\WINDOWS\system32\rsaenh.dll
0x00007ffc2ba20000 - 0x00007ffc2ba4e000 	C:\WINDOWS\SYSTEM32\USERENV.dll
0x00007ffc2b500000 - 0x00007ffc2b50c000 	C:\WINDOWS\SYSTEM32\CRYPTBASE.dll
0x00007ffc1fb40000 - 0x00007ffc1fb57000 	C:\WINDOWS\SYSTEM32\dhcpcsvc6.DLL
0x00007ffc20270000 - 0x00007ffc2028d000 	C:\WINDOWS\SYSTEM32\dhcpcsvc.DLL
0x00007ffc2a320000 - 0x00007ffc2a330000 	D:\sveIzDownload\sts-4.14.1.RELEASE\plugins\org.eclipse.justj.openjdk.hotspot.jre.full.win32.x86_64_17.0.2.v20220201-1208\jre\bin\verify.dll

dbghelp: loaded successfully - version: 4.0.5 - missing functions: none
symbol engine: initialized successfully - sym options: 0x614 - pdb path: .;D:\sveIzDownload\sts-4.14.1.RELEASE\plugins\org.eclipse.justj.openjdk.hotspot.jre.full.win32.x86_64_17.0.2.v20220201-1208\jre\bin;C:\WINDOWS\SYSTEM32;C:\WINDOWS\WinSxS\amd64_microsoft.windows.common-controls_6595b64144ccf1df_6.0.19041.1110_none_60b5254171f9507e;D:\sveIzDownload\sts-4.14.1.RELEASE\plugins\org.eclipse.justj.openjdk.hotspot.jre.full.win32.x86_64_17.0.2.v20220201-1208\jre\bin\server

VM Arguments:
jvm_args: -Dcom.sun.management.jmxremote -Dcom.sun.management.jmxremote.port=53363 -Dcom.sun.management.jmxremote.authenticate=false -Dcom.sun.management.jmxremote.ssl=false -Djava.rmi.server.hostname=localhost -Dspring.jmx.enabled=true -Dspring.application.admin.enabled=true -XX:TieredStopAtLevel=1 -Dspring.boot.project.name=Es_dnevniks -Dfile.encoding=UTF-8 -XX:+ShowCodeDetailsInExceptionMessages 
java_command: Es_dnevniks.EsDnevniksApplication --spring.output.ansi.enabled=always
java_class_path (initial): C:\Users\Miljana\Documents\workspace-spring-tool-suite-4-4.14.1.RELEASE\Es_dnevniks\target\classes;C:\Users\Miljana\.m2\repository\org\springframework\boot\spring-boot-starter\2.7.6\spring-boot-starter-2.7.6.jar;C:\Users\Miljana\.m2\repository\org\springframework\boot\spring-boot\2.7.6\spring-boot-2.7.6.jar;C:\Users\Miljana\.m2\repository\org\springframework\spring-context\5.3.24\spring-context-5.3.24.jar;C:\Users\Miljana\.m2\repository\org\springframework\boot\spring-boot-autoconfigure\2.7.6\spring-boot-autoconfigure-2.7.6.jar;C:\Users\Miljana\.m2\repository\org\springframework\boot\spring-boot-starter-logging\2.7.6\spring-boot-starter-logging-2.7.6.jar;C:\Users\Miljana\.m2\repository\ch\qos\logback\logback-classic\1.2.11\logback-classic-1.2.11.jar;C:\Users\Miljana\.m2\repository\ch\qos\logback\logback-core\1.2.11\logback-core-1.2.11.jar;C:\Users\Miljana\.m2\repository\org\apache\logging\log4j\log4j-to-slf4j\2.17.2\log4j-to-slf4j-2.17.2.jar;C:\Users\Miljana\.m2\repository\jakarta\annotation\jakarta.annotation-api\1.3.5\jakarta.annotation-api-1.3.5.jar;C:\Users\Miljana\.m2\repository\org\springframework\spring-core\5.3.24\spring-core-5.3.24.jar;C:\Users\Miljana\.m2\repository\org\springframework\spring-jcl\5.3.24\spring-jcl-5.3.24.jar;C:\Users\Miljana\.m2\repository\org\yaml\snakeyaml\1.30\snakeyaml-1.30.jar;C:\Users\Miljana\.m2\repository\org\springframework\boot\spring-boot-starter-security\3.0.2\spring-boot-starter-security-3.0.2.jar;C:\Users\Miljana\.m2\repository\org\springframework\spring-aop\5.3.24\spring-aop-5.3.24.jar;C:\Users\Miljana\.m2\repository\org\springframework\spring-beans\5.3.24\spring-beans-5.3.24.jar;C:\Users\Miljana\.m2\repository\org\springframework\security\spring-security-config\5.7.5\spring-security-config-5.7.5.jar;C:\Users\Miljana\.m2\repository\org\springframework\security\spring-security-core\5.7.5\spring-security-core-5.7.5.jar;C:\Users\Miljana\.m2\repository\org\springframework\security\spring-security-cry
Launcher Type: SUN_STANDARD

[Global flags]
     intx CICompilerCount                          = 3                                         {product} {ergonomic}
     uint ConcGCThreads                            = 1                                         {product} {ergonomic}
     uint G1ConcRefinementThreads                  = 4                                         {product} {ergonomic}
   size_t G1HeapRegionSize                         = 1048576                                   {product} {ergonomic}
    uintx GCDrainStackTargetSize                   = 64                                        {product} {ergonomic}
   size_t InitialHeapSize                          = 134217728                                 {product} {ergonomic}
     bool ManagementServer                         = true                                      {product} {command line}
   size_t MarkStackSize                            = 4194304                                   {product} {ergonomic}
   size_t MaxHeapSize                              = 2122317824                                {product} {ergonomic}
   size_t MaxNewSize                               = 1272971264                                {product} {ergonomic}
   size_t MinHeapDeltaBytes                        = 1048576                                   {product} {ergonomic}
   size_t MinHeapSize                              = 8388608                                   {product} {ergonomic}
    uintx NonProfiledCodeHeapSize                  = 0                                      {pd product} {ergonomic}
     bool ProfileInterpreter                       = false                                  {pd product} {command line}
    uintx ProfiledCodeHeapSize                     = 0                                      {pd product} {ergonomic}
     bool ShowCodeDetailsInExceptionMessages       = true                                   {manageable} {command line}
   size_t SoftMaxHeapSize                          = 2122317824                             {manageable} {ergonomic}
     intx TieredStopAtLevel                        = 1                                         {product} {command line}
     bool UseCompressedClassPointers               = true                           {product lp64_product} {ergonomic}
     bool UseCompressedOops                        = true                           {product lp64_product} {ergonomic}
     bool UseG1GC                                  = true                                      {product} {ergonomic}
     bool UseLargePagesIndividualAllocation        = false                                  {pd product} {ergonomic}

Logging:
Log output configuration:
 #0: stdout all=warning uptime,level,tags
 #1: stderr all=off uptime,level,tags

Environment Variables:
JAVA_HOME=C:\Program Files\Java\jdk-16.0.2
PATH=D:/sveIzDownload/sts-4.14.1.RELEASE//plugins/org.eclipse.justj.openjdk.hotspot.jre.full.win32.x86_64_17.0.2.v20220201-1208/jre/bin/server;D:/sveIzDownload/sts-4.14.1.RELEASE//plugins/org.eclipse.justj.openjdk.hotspot.jre.full.win32.x86_64_17.0.2.v20220201-1208/jre/bin;C:\Users\Miljana\AppData\Local\Programs\Python\Python39\Scripts\;C:\Users\Miljana\AppData\Local\Programs\Python\Python39\;C:\app\Miljana\product\18.0.0\dbhomeXE\bin;C:\csvn\bin\;C:\csvn\Python25\;C:\Program Files\Eclipse Adoptium\jdk-8.0.312.7-hotspot\bin;C:\Python39\Scripts\;C:\Python39\;C:\Program Files\Common Files\Oracle\Java\javapath;C:\Program Files (x86)\Common Files\Oracle\Java\javapath;C:\Python38\Scripts\;C:\Python38\;C:\WINDOWS\system32;C:\WINDOWS;C:\WINDOWS\System32\Wbem;C:\WINDOWS\System32\WindowsPowerShell\v1.0\;C:\WINDOWS\System32\OpenSSH\;C:\ProgramData\chocolatey\bin;C:\Program Files\Microsoft SQL Server\Client SDK\ODBC\170\Tools\Binn\;C:\Program Files (x86)\Microsoft SQL Server\150\Tools\Binn\;C:\Program Files\Microsoft SQL Server\150\Tools\Binn\;C:\Program Files\Microsoft SQL Server\150\DTS\Binn\;C:\Program Files\Java\jdk-16.0.2\bin;C:\apache-maven-3.8.5\bin;C:\Program Files\PostgreSQL\13\bin;C:\Program Files\Git\cmd;C:\Program Files\nodejs\;C:\Program Files\MySQL\MySQL Shell 8.0\bin\;C:\Users\Miljana\AppData\Local\Microsoft\WindowsApps;C:\Program Files\heroku\bin;C:\Program Files\Java\jdk-16.0.2\bin;C:\apache-maven-3.8.5\bin;C:\Program Files\Azure Data Studio\bin;D:\Microsoft VS Code\bin;C:\Users\Miljana\AppData\Roaming\npm;C:\Users\Miljana\AppData\Local\GitHubDesktop\bin;D:\sveIzDownload\sts-4.14.1.RELEASE;
USERNAME=Miljana
OS=Windows_NT
PROCESSOR_IDENTIFIER=Intel64 Family 6 Model 142 Stepping 9, GenuineIntel



---------------  S Y S T E M  ---------------

OS:
 Windows 10 , 64 bit Build 19041 (10.0.19041.3155)
OS uptime: 11 days 7:26 hours

CPU: total 4 (initial active 4) (2 cores per cpu, 2 threads per core) family 6 model 142 stepping 9 microcode 0xf0, cx8, cmov, fxsr, ht, mmx, 3dnowpref, sse, sse2, sse3, ssse3, sse4.1, sse4.2, popcnt, lzcnt, tsc, tscinvbit, avx, avx2, aes, erms, clmul, bmi1, bmi2, adx, fma, vzeroupper, clflush, clflushopt

Memory: 4k page, system-wide physical 8088M (285M free)
TotalPageFile size 17805M (AvailPageFile size 1M)
current process WorkingSet (physical memory assigned to process): 132M, peak: 132M
current process commit charge ("private bytes"): 158M, peak: 223M

vm_info: OpenJDK 64-Bit Server VM (17.0.2+8) for windows-amd64 JRE (17.0.2+8), built on Jan 20 2022 04:52:34 by "" with MS VC++ 16.7 (VS2019)

END.
