2023-06-16 11:40:28.765  INFO 9060 --- [restartedMain] Es_dnevniks.EsDnevniksApplication        : Starting EsDnevniksApplication using Java 17.0.2 on DESKTOP-4M6359C with PID 9060 (C:\Users\Miljana\Documents\workspace-spring-tool-suite-4-4.14.1.RELEASE\Es_dnevniks\target\classes started by Miljana in C:\Users\Miljana\Documents\workspace-spring-tool-suite-4-4.14.1.RELEASE\Es_dnevniks)
2023-06-16 11:40:28.774  INFO 9060 --- [restartedMain] Es_dnevniks.EsDnevniksApplication        : No active profile set, falling back to 1 default profile: "default"
2023-06-16 11:40:28.942  INFO 9060 --- [restartedMain] .e.DevToolsPropertyDefaultsPostProcessor : Devtools property defaults active! Set 'spring.devtools.add-properties' to 'false' to disable
2023-06-16 11:40:28.944  INFO 9060 --- [restartedMain] .e.DevToolsPropertyDefaultsPostProcessor : For additional web related logging consider setting the 'logging.level.web' property to 'DEBUG'
2023-06-16 11:40:31.560  INFO 9060 --- [restartedMain] .s.d.r.c.RepositoryConfigurationDelegate : Multiple Spring Data modules found, entering strict repository configuration mode
2023-06-16 11:40:31.563  INFO 9060 --- [restartedMain] .s.d.r.c.RepositoryConfigurationDelegate : Bootstrapping Spring Data JDBC repositories in DEFAULT mode.
2023-06-16 11:40:31.631  INFO 9060 --- [restartedMain] .RepositoryConfigurationExtensionSupport : Spring Data JDBC - Could not safely identify store assignment for repository candidate interface Es_dnevniks.repository.ClassRepository; If you want this repository to be a JDBC repository, consider annotating your entities with one of these annotations: org.springframework.data.relational.core.mapping.Table.
2023-06-16 11:40:31.633  INFO 9060 --- [restartedMain] .RepositoryConfigurationExtensionSupport : Spring Data JDBC - Could not safely identify store assignment for repository candidate interface Es_dnevniks.repository.MarkRepository; If you want this repository to be a JDBC repository, consider annotating your entities with one of these annotations: org.springframework.data.relational.core.mapping.Table.
2023-06-16 11:40:31.638  INFO 9060 --- [restartedMain] .RepositoryConfigurationExtensionSupport : Spring Data JDBC - Could not safely identify store assignment for repository candidate interface Es_dnevniks.repository.NasPredajuPredRepository; If you want this repository to be a JDBC repository, consider annotating your entities with one of these annotations: org.springframework.data.relational.core.mapping.Table.
2023-06-16 11:40:31.642  INFO 9060 --- [restartedMain] .RepositoryConfigurationExtensionSupport : Spring Data JDBC - Could not safely identify store assignment for repository candidate interface Es_dnevniks.repository.ParentRepository; If you want this repository to be a JDBC repository, consider annotating your entities with one of these annotations: org.springframework.data.relational.core.mapping.Table.
2023-06-16 11:40:31.644  INFO 9060 --- [restartedMain] .RepositoryConfigurationExtensionSupport : Spring Data JDBC - Could not safely identify store assignment for repository candidate interface Es_dnevniks.repository.ParentStudentRepository; If you want this repository to be a JDBC repository, consider annotating your entities with one of these annotations: org.springframework.data.relational.core.mapping.Table.
2023-06-16 11:40:31.646  INFO 9060 --- [restartedMain] .RepositoryConfigurationExtensionSupport : Spring Data JDBC - Could not safely identify store assignment for repository candidate interface Es_dnevniks.repository.RoleRepository; If you want this repository to be a JDBC repository, consider annotating your entities with one of these annotations: org.springframework.data.relational.core.mapping.Table.
2023-06-16 11:40:31.650  INFO 9060 --- [restartedMain] .RepositoryConfigurationExtensionSupport : Spring Data JDBC - Could not safely identify store assignment for repository candidate interface Es_dnevniks.repository.StudentRepository; If you want this repository to be a JDBC repository, consider annotating your entities with one of these annotations: org.springframework.data.relational.core.mapping.Table.
2023-06-16 11:40:31.653  INFO 9060 --- [restartedMain] .RepositoryConfigurationExtensionSupport : Spring Data JDBC - Could not safely identify store assignment for repository candidate interface Es_dnevniks.repository.StudentSubjectMarkRepository; If you want this repository to be a JDBC repository, consider annotating your entities with one of these annotations: org.springframework.data.relational.core.mapping.Table.
2023-06-16 11:40:31.656  INFO 9060 --- [restartedMain] .RepositoryConfigurationExtensionSupport : Spring Data JDBC - Could not safely identify store assignment for repository candidate interface Es_dnevniks.repository.StudentSubjectRepository; If you want this repository to be a JDBC repository, consider annotating your entities with one of these annotations: org.springframework.data.relational.core.mapping.Table.
2023-06-16 11:40:31.659  INFO 9060 --- [restartedMain] .RepositoryConfigurationExtensionSupport : Spring Data JDBC - Could not safely identify store assignment for repository candidate interface Es_dnevniks.repository.SubjectRepository; If you want this repository to be a JDBC repository, consider annotating your entities with one of these annotations: org.springframework.data.relational.core.mapping.Table.
2023-06-16 11:40:31.662  INFO 9060 --- [restartedMain] .RepositoryConfigurationExtensionSupport : Spring Data JDBC - Could not safely identify store assignment for repository candidate interface Es_dnevniks.repository.TeacherClassRepository; If you want this repository to be a JDBC repository, consider annotating your entities with one of these annotations: org.springframework.data.relational.core.mapping.Table.
2023-06-16 11:40:31.665  INFO 9060 --- [restartedMain] .RepositoryConfigurationExtensionSupport : Spring Data JDBC - Could not safely identify store assignment for repository candidate interface Es_dnevniks.repository.TeacherRepository; If you want this repository to be a JDBC repository, consider annotating your entities with one of these annotations: org.springframework.data.relational.core.mapping.Table.
2023-06-16 11:40:31.668  INFO 9060 --- [restartedMain] .RepositoryConfigurationExtensionSupport : Spring Data JDBC - Could not safely identify store assignment for repository candidate interface Es_dnevniks.repository.UserRepository; If you want this repository to be a JDBC repository, consider annotating your entities with one of these annotations: org.springframework.data.relational.core.mapping.Table.
2023-06-16 11:40:31.669  INFO 9060 --- [restartedMain] .s.d.r.c.RepositoryConfigurationDelegate : Finished Spring Data repository scanning in 99 ms. Found 0 JDBC repository interfaces.
2023-06-16 11:40:31.689  INFO 9060 --- [restartedMain] .s.d.r.c.RepositoryConfigurationDelegate : Multiple Spring Data modules found, entering strict repository configuration mode
2023-06-16 11:40:31.692  INFO 9060 --- [restartedMain] .s.d.r.c.RepositoryConfigurationDelegate : Bootstrapping Spring Data JPA repositories in DEFAULT mode.
2023-06-16 11:40:31.841  INFO 9060 --- [restartedMain] .s.d.r.c.RepositoryConfigurationDelegate : Finished Spring Data repository scanning in 141 ms. Found 13 JPA repository interfaces.
2023-06-16 11:40:33.624  INFO 9060 --- [restartedMain] o.s.b.w.embedded.tomcat.TomcatWebServer  : Tomcat initialized with port(s): 8080 (http)
2023-06-16 11:40:33.651  INFO 9060 --- [restartedMain] o.apache.catalina.core.StandardService   : Starting service [Tomcat]
2023-06-16 11:40:33.651  INFO 9060 --- [restartedMain] org.apache.catalina.core.StandardEngine  : Starting Servlet engine: [Apache Tomcat/9.0.69]
2023-06-16 11:40:33.895  INFO 9060 --- [restartedMain] o.a.c.c.C.[Tomcat].[localhost].[/]       : Initializing Spring embedded WebApplicationContext
2023-06-16 11:40:33.895  INFO 9060 --- [restartedMain] w.s.c.ServletWebServerApplicationContext : Root WebApplicationContext: initialization completed in 4950 ms
2023-06-16 11:40:35.578  INFO 9060 --- [restartedMain] com.zaxxer.hikari.HikariDataSource       : HikariPool-1 - Starting...
2023-06-16 11:40:36.264  INFO 9060 --- [restartedMain] com.zaxxer.hikari.HikariDataSource       : HikariPool-1 - Start completed.
2023-06-16 11:40:38.819  INFO 9060 --- [restartedMain] j.LocalContainerEntityManagerFactoryBean : Initialized JPA EntityManagerFactory for persistence unit 'default'
2023-06-16 11:40:40.399  WARN 9060 --- [restartedMain] .s.s.UserDetailsServiceAutoConfiguration : 

Using generated security password: c1cffdfa-c2c3-4c81-9025-10bc943e656b

This generated password is for development use only. Your security configuration must be updated before running your application in production.

2023-06-16 11:40:40.648  INFO 9060 --- [restartedMain] o.s.s.web.DefaultSecurityFilterChain     : Will secure any request with [org.springframework.security.web.session.DisableEncodeUrlFilter@2966b09, org.springframework.security.web.context.request.async.WebAsyncManagerIntegrationFilter@5f2ed1aa, org.springframework.security.web.context.SecurityContextPersistenceFilter@1689ffdf, org.springframework.security.web.header.HeaderWriterFilter@6c251b05, org.springframework.web.filter.CorsFilter@39dd0134, org.springframework.security.web.authentication.logout.LogoutFilter@4a1e51d8, Es_dnevniks.config.JWTAuthorizationFilter@676dc728, org.springframework.security.web.savedrequest.RequestCacheAwareFilter@527b7da9, org.springframework.security.web.servletapi.SecurityContextHolderAwareRequestFilter@39abb25, org.springframework.security.web.authentication.AnonymousAuthenticationFilter@569226ef, org.springframework.security.web.session.SessionManagementFilter@521fa5c1, org.springframework.security.web.access.ExceptionTranslationFilter@1d041922, org.springframework.security.web.access.intercept.FilterSecurityInterceptor@10349498]
2023-06-16 11:40:40.792  WARN 9060 --- [restartedMain] JpaBaseConfiguration$JpaWebConfiguration : spring.jpa.open-in-view is enabled by default. Therefore, database queries may be performed during view rendering. Explicitly configure spring.jpa.open-in-view to disable this warning
2023-06-16 11:40:42.021  INFO 9060 --- [restartedMain] o.s.b.d.a.OptionalLiveReloadServer       : LiveReload server is running on port 35729
2023-06-16 11:40:42.105  INFO 9060 --- [restartedMain] o.s.b.w.embedded.tomcat.TomcatWebServer  : Tomcat started on port(s): 8080 (http) with context path ''
2023-06-16 11:40:42.128  INFO 9060 --- [restartedMain] Es_dnevniks.EsDnevniksApplication        : Started EsDnevniksApplication in 14.168 seconds (JVM running for 16.025)
2023-06-16 11:58:09.606  INFO 9060 --- [http-nio-8080-exec-2] o.a.c.c.C.[Tomcat].[localhost].[/]       : Initializing Spring DispatcherServlet 'dispatcherServlet'
2023-06-16 11:58:09.608  INFO 9060 --- [http-nio-8080-exec-2] o.s.web.servlet.DispatcherServlet        : Initializing Servlet 'dispatcherServlet'
2023-06-16 11:58:09.611  INFO 9060 --- [http-nio-8080-exec-2] o.s.web.servlet.DispatcherServlet        : Completed initialization in 2 ms
2023-06-16 12:36:48.475  INFO 9060 --- [RMI TCP Connection(60)-127.0.0.1] inMXBeanRegistrar$SpringApplicationAdmin : Application shutdown requested.
2023-06-16 12:36:48.615  INFO 9060 --- [RMI TCP Connection(60)-127.0.0.1] o.apache.catalina.core.StandardService   : Stopping service [Tomcat]
2023-06-16 12:36:48.703  INFO 9060 --- [RMI TCP Connection(60)-127.0.0.1] o.a.c.c.C.[Tomcat].[localhost].[/]       : Destroying Spring FrameworkServlet 'dispatcherServlet'
2023-06-16 12:36:48.831  INFO 9060 --- [RMI TCP Connection(60)-127.0.0.1] j.LocalContainerEntityManagerFactoryBean : Closing JPA EntityManagerFactory for persistence unit 'default'
2023-06-16 12:36:48.837  INFO 9060 --- [RMI TCP Connection(60)-127.0.0.1] com.zaxxer.hikari.HikariDataSource       : HikariPool-1 - Shutdown initiated...
2023-06-16 12:36:48.856  INFO 9060 --- [RMI TCP Connection(60)-127.0.0.1] com.zaxxer.hikari.HikariDataSource       : HikariPool-1 - Shutdown completed.
2023-06-16 12:36:54.673  INFO 4072 --- [restartedMain] Es_dnevniks.EsDnevniksApplication        : Starting EsDnevniksApplication using Java 17.0.2 on DESKTOP-4M6359C with PID 4072 (C:\Users\Miljana\Documents\workspace-spring-tool-suite-4-4.14.1.RELEASE\Es_dnevniks\target\classes started by Miljana in C:\Users\Miljana\Documents\workspace-spring-tool-suite-4-4.14.1.RELEASE\Es_dnevniks)
2023-06-16 12:36:54.675  INFO 4072 --- [restartedMain] Es_dnevniks.EsDnevniksApplication        : No active profile set, falling back to 1 default profile: "default"
2023-06-16 12:36:54.807  INFO 4072 --- [restartedMain] .e.DevToolsPropertyDefaultsPostProcessor : Devtools property defaults active! Set 'spring.devtools.add-properties' to 'false' to disable
2023-06-16 12:36:54.807  INFO 4072 --- [restartedMain] .e.DevToolsPropertyDefaultsPostProcessor : For additional web related logging consider setting the 'logging.level.web' property to 'DEBUG'
2023-06-16 12:36:56.652  INFO 4072 --- [restartedMain] .s.d.r.c.RepositoryConfigurationDelegate : Multiple Spring Data modules found, entering strict repository configuration mode
2023-06-16 12:36:56.657  INFO 4072 --- [restartedMain] .s.d.r.c.RepositoryConfigurationDelegate : Bootstrapping Spring Data JDBC repositories in DEFAULT mode.
2023-06-16 12:36:56.762  INFO 4072 --- [restartedMain] .RepositoryConfigurationExtensionSupport : Spring Data JDBC - Could not safely identify store assignment for repository candidate interface Es_dnevniks.repository.ClassRepository; If you want this repository to be a JDBC repository, consider annotating your entities with one of these annotations: org.springframework.data.relational.core.mapping.Table.
2023-06-16 12:36:56.770  INFO 4072 --- [restartedMain] .RepositoryConfigurationExtensionSupport : Spring Data JDBC - Could not safely identify store assignment for repository candidate interface Es_dnevniks.repository.MarkRepository; If you want this repository to be a JDBC repository, consider annotating your entities with one of these annotations: org.springframework.data.relational.core.mapping.Table.
2023-06-16 12:36:56.777  INFO 4072 --- [restartedMain] .RepositoryConfigurationExtensionSupport : Spring Data JDBC - Could not safely identify store assignment for repository candidate interface Es_dnevniks.repository.NasPredajuPredRepository; If you want this repository to be a JDBC repository, consider annotating your entities with one of these annotations: org.springframework.data.relational.core.mapping.Table.
2023-06-16 12:36:56.780  INFO 4072 --- [restartedMain] .RepositoryConfigurationExtensionSupport : Spring Data JDBC - Could not safely identify store assignment for repository candidate interface Es_dnevniks.repository.ParentRepository; If you want this repository to be a JDBC repository, consider annotating your entities with one of these annotations: org.springframework.data.relational.core.mapping.Table.
2023-06-16 12:36:56.791  INFO 4072 --- [restartedMain] .RepositoryConfigurationExtensionSupport : Spring Data JDBC - Could not safely identify store assignment for repository candidate interface Es_dnevniks.repository.ParentStudentRepository; If you want this repository to be a JDBC repository, consider annotating your entities with one of these annotations: org.springframework.data.relational.core.mapping.Table.
2023-06-16 12:36:56.794  INFO 4072 --- [restartedMain] .RepositoryConfigurationExtensionSupport : Spring Data JDBC - Could not safely identify store assignment for repository candidate interface Es_dnevniks.repository.RoleRepository; If you want this repository to be a JDBC repository, consider annotating your entities with one of these annotations: org.springframework.data.relational.core.mapping.Table.
2023-06-16 12:36:56.797  INFO 4072 --- [restartedMain] .RepositoryConfigurationExtensionSupport : Spring Data JDBC - Could not safely identify store assignment for repository candidate interface Es_dnevniks.repository.StudentRepository; If you want this repository to be a JDBC repository, consider annotating your entities with one of these annotations: org.springframework.data.relational.core.mapping.Table.
2023-06-16 12:36:56.809  INFO 4072 --- [restartedMain] .RepositoryConfigurationExtensionSupport : Spring Data JDBC - Could not safely identify store assignment for repository candidate interface Es_dnevniks.repository.StudentSubjectMarkRepository; If you want this repository to be a JDBC repository, consider annotating your entities with one of these annotations: org.springframework.data.relational.core.mapping.Table.
2023-06-16 12:36:56.812  INFO 4072 --- [restartedMain] .RepositoryConfigurationExtensionSupport : Spring Data JDBC - Could not safely identify store assignment for repository candidate interface Es_dnevniks.repository.StudentSubjectRepository; If you want this repository to be a JDBC repository, consider annotating your entities with one of these annotations: org.springframework.data.relational.core.mapping.Table.
2023-06-16 12:36:56.821  INFO 4072 --- [restartedMain] .RepositoryConfigurationExtensionSupport : Spring Data JDBC - Could not safely identify store assignment for repository candidate interface Es_dnevniks.repository.SubjectRepository; If you want this repository to be a JDBC repository, consider annotating your entities with one of these annotations: org.springframework.data.relational.core.mapping.Table.
2023-06-16 12:36:56.838  INFO 4072 --- [restartedMain] .RepositoryConfigurationExtensionSupport : Spring Data JDBC - Could not safely identify store assignment for repository candidate interface Es_dnevniks.repository.TeacherClassRepository; If you want this repository to be a JDBC repository, consider annotating your entities with one of these annotations: org.springframework.data.relational.core.mapping.Table.
2023-06-16 12:36:56.842  INFO 4072 --- [restartedMain] .RepositoryConfigurationExtensionSupport : Spring Data JDBC - Could not safely identify store assignment for repository candidate interface Es_dnevniks.repository.TeacherRepository; If you want this repository to be a JDBC repository, consider annotating your entities with one of these annotations: org.springframework.data.relational.core.mapping.Table.
2023-06-16 12:36:56.846  INFO 4072 --- [restartedMain] .RepositoryConfigurationExtensionSupport : Spring Data JDBC - Could not safely identify store assignment for repository candidate interface Es_dnevniks.repository.UserRepository; If you want this repository to be a JDBC repository, consider annotating your entities with one of these annotations: org.springframework.data.relational.core.mapping.Table.
2023-06-16 12:36:56.853  INFO 4072 --- [restartedMain] .s.d.r.c.RepositoryConfigurationDelegate : Finished Spring Data repository scanning in 178 ms. Found 0 JDBC repository interfaces.
2023-06-16 12:36:56.880  INFO 4072 --- [restartedMain] .s.d.r.c.RepositoryConfigurationDelegate : Multiple Spring Data modules found, entering strict repository configuration mode
2023-06-16 12:36:56.882  INFO 4072 --- [restartedMain] .s.d.r.c.RepositoryConfigurationDelegate : Bootstrapping Spring Data JPA repositories in DEFAULT mode.
2023-06-16 12:36:57.172  INFO 4072 --- [restartedMain] .s.d.r.c.RepositoryConfigurationDelegate : Finished Spring Data repository scanning in 264 ms. Found 13 JPA repository interfaces.
2023-06-16 12:36:58.833  INFO 4072 --- [restartedMain] o.s.b.w.embedded.tomcat.TomcatWebServer  : Tomcat initialized with port(s): 8080 (http)
2023-06-16 12:36:58.853  INFO 4072 --- [restartedMain] o.apache.catalina.core.StandardService   : Starting service [Tomcat]
2023-06-16 12:36:58.854  INFO 4072 --- [restartedMain] org.apache.catalina.core.StandardEngine  : Starting Servlet engine: [Apache Tomcat/9.0.69]
2023-06-16 12:36:59.026  INFO 4072 --- [restartedMain] o.a.c.c.C.[Tomcat].[localhost].[/]       : Initializing Spring embedded WebApplicationContext
2023-06-16 12:36:59.026  INFO 4072 --- [restartedMain] w.s.c.ServletWebServerApplicationContext : Root WebApplicationContext: initialization completed in 4218 ms
2023-06-16 12:37:00.473  INFO 4072 --- [restartedMain] com.zaxxer.hikari.HikariDataSource       : HikariPool-1 - Starting...
2023-06-16 12:37:01.191  INFO 4072 --- [restartedMain] com.zaxxer.hikari.HikariDataSource       : HikariPool-1 - Start completed.
2023-06-16 12:37:03.803  INFO 4072 --- [restartedMain] j.LocalContainerEntityManagerFactoryBean : Initialized JPA EntityManagerFactory for persistence unit 'default'
2023-06-16 12:37:05.543  WARN 4072 --- [restartedMain] .s.s.UserDetailsServiceAutoConfiguration : 

Using generated security password: 3e0bf15a-08f8-4b39-a151-ebd37f96a67d

This generated password is for development use only. Your security configuration must be updated before running your application in production.

2023-06-16 12:37:05.810  INFO 4072 --- [restartedMain] o.s.s.web.DefaultSecurityFilterChain     : Will secure any request with [org.springframework.security.web.session.DisableEncodeUrlFilter@4a46eda3, org.springframework.security.web.context.request.async.WebAsyncManagerIntegrationFilter@3dfbe15d, org.springframework.security.web.context.SecurityContextPersistenceFilter@55cbe7e2, org.springframework.security.web.header.HeaderWriterFilter@521fa5c1, org.springframework.web.filter.CorsFilter@512d82bf, org.springframework.security.web.authentication.logout.LogoutFilter@53a91a8e, Es_dnevniks.config.JWTAuthorizationFilter@fb3ffa1, org.springframework.security.web.savedrequest.RequestCacheAwareFilter@18c06640, org.springframework.security.web.servletapi.SecurityContextHolderAwareRequestFilter@339ece3b, org.springframework.security.web.authentication.AnonymousAuthenticationFilter@72652001, org.springframework.security.web.session.SessionManagementFilter@76fdb25b, org.springframework.security.web.access.ExceptionTranslationFilter@679e8701, org.springframework.security.web.access.intercept.FilterSecurityInterceptor@7f980e16]
2023-06-16 12:37:05.959  WARN 4072 --- [restartedMain] JpaBaseConfiguration$JpaWebConfiguration : spring.jpa.open-in-view is enabled by default. Therefore, database queries may be performed during view rendering. Explicitly configure spring.jpa.open-in-view to disable this warning
2023-06-16 12:37:07.154  INFO 4072 --- [restartedMain] o.s.b.d.a.OptionalLiveReloadServer       : LiveReload server is running on port 35729
2023-06-16 12:37:07.235  INFO 4072 --- [restartedMain] o.s.b.w.embedded.tomcat.TomcatWebServer  : Tomcat started on port(s): 8080 (http) with context path ''
2023-06-16 12:37:07.257  INFO 4072 --- [restartedMain] Es_dnevniks.EsDnevniksApplication        : Started EsDnevniksApplication in 13.321 seconds (JVM running for 15.201)
2023-06-16 12:37:27.230  INFO 4072 --- [http-nio-8080-exec-1] o.a.c.c.C.[Tomcat].[localhost].[/]       : Initializing Spring DispatcherServlet 'dispatcherServlet'
2023-06-16 12:37:27.231  INFO 4072 --- [http-nio-8080-exec-1] o.s.web.servlet.DispatcherServlet        : Initializing Servlet 'dispatcherServlet'
2023-06-16 12:37:27.233  INFO 4072 --- [http-nio-8080-exec-1] o.s.web.servlet.DispatcherServlet        : Completed initialization in 2 ms
2023-06-16 16:16:19.185  WARN 4072 --- [http-nio-8080-exec-10] .w.s.m.s.DefaultHandlerExceptionResolver : Resolved [org.springframework.web.method.annotation.MethodArgumentTypeMismatchException: Failed to convert value of type 'java.lang.String' to required type 'java.lang.Integer'; nested exception is java.lang.NumberFormatException: For input string: "undefined"]
2023-06-16 16:16:19.268  WARN 4072 --- [http-nio-8080-exec-1] .w.s.m.s.DefaultHandlerExceptionResolver : Resolved [org.springframework.web.method.annotation.MethodArgumentTypeMismatchException: Failed to convert value of type 'java.lang.String' to required type 'java.lang.Integer'; nested exception is java.lang.NumberFormatException: For input string: "undefined"]
2023-06-16 16:16:19.412  WARN 4072 --- [http-nio-8080-exec-2] .w.s.m.s.DefaultHandlerExceptionResolver : Resolved [org.springframework.web.method.annotation.MethodArgumentTypeMismatchException: Failed to convert value of type 'java.lang.String' to required type 'java.lang.Integer'; nested exception is java.lang.NumberFormatException: For input string: "undefined"]
2023-06-16 16:16:19.458  WARN 4072 --- [http-nio-8080-exec-3] .w.s.m.s.DefaultHandlerExceptionResolver : Resolved [org.springframework.web.method.annotation.MethodArgumentTypeMismatchException: Failed to convert value of type 'java.lang.String' to required type 'java.lang.Integer'; nested exception is java.lang.NumberFormatException: For input string: "undefined"]
2023-06-16 16:16:26.353  WARN 4072 --- [http-nio-8080-exec-6] .w.s.m.s.DefaultHandlerExceptionResolver : Resolved [org.springframework.web.method.annotation.MethodArgumentTypeMismatchException: Failed to convert value of type 'java.lang.String' to required type 'java.lang.Integer'; nested exception is java.lang.NumberFormatException: For input string: "undefined"]
2023-06-16 16:16:26.376  WARN 4072 --- [http-nio-8080-exec-7] .w.s.m.s.DefaultHandlerExceptionResolver : Resolved [org.springframework.web.method.annotation.MethodArgumentTypeMismatchException: Failed to convert value of type 'java.lang.String' to required type 'java.lang.Integer'; nested exception is java.lang.NumberFormatException: For input string: "undefined"]
2023-06-16 16:16:47.112  WARN 4072 --- [http-nio-8080-exec-10] .w.s.m.s.DefaultHandlerExceptionResolver : Resolved [org.springframework.web.method.annotation.MethodArgumentTypeMismatchException: Failed to convert value of type 'java.lang.String' to required type 'java.lang.Integer'; nested exception is java.lang.NumberFormatException: For input string: "undefined"]
2023-06-16 16:16:47.129  WARN 4072 --- [http-nio-8080-exec-1] .w.s.m.s.DefaultHandlerExceptionResolver : Resolved [org.springframework.web.method.annotation.MethodArgumentTypeMismatchException: Failed to convert value of type 'java.lang.String' to required type 'java.lang.Integer'; nested exception is java.lang.NumberFormatException: For input string: "undefined"]
2023-06-16 16:20:42.631  WARN 4072 --- [http-nio-8080-exec-4] .w.s.m.s.DefaultHandlerExceptionResolver : Resolved [org.springframework.web.method.annotation.MethodArgumentTypeMismatchException: Failed to convert value of type 'java.lang.String' to required type 'java.lang.Integer'; nested exception is java.lang.NumberFormatException: For input string: "undefined"]
2023-06-16 16:20:42.644  WARN 4072 --- [http-nio-8080-exec-5] .w.s.m.s.DefaultHandlerExceptionResolver : Resolved [org.springframework.web.method.annotation.MethodArgumentTypeMismatchException: Failed to convert value of type 'java.lang.String' to required type 'java.lang.Integer'; nested exception is java.lang.NumberFormatException: For input string: "undefined"]
2023-06-16 16:21:49.468  WARN 4072 --- [http-nio-8080-exec-8] .w.s.m.s.DefaultHandlerExceptionResolver : Resolved [org.springframework.web.method.annotation.MethodArgumentTypeMismatchException: Failed to convert value of type 'java.lang.String' to required type 'java.lang.Integer'; nested exception is java.lang.NumberFormatException: For input string: "undefined"]
2023-06-16 16:21:49.491  WARN 4072 --- [http-nio-8080-exec-9] .w.s.m.s.DefaultHandlerExceptionResolver : Resolved [org.springframework.web.method.annotation.MethodArgumentTypeMismatchException: Failed to convert value of type 'java.lang.String' to required type 'java.lang.Integer'; nested exception is java.lang.NumberFormatException: For input string: "undefined"]
